intrman_IMPORTS_start
I_CpuResumeIntr
I_CpuSuspendIntr
intrman_IMPORTS_end

sifcmd_IMPORTS_start
I_sceSifInitRpc 
I_sceSifSetRpcQueue 
I_sceSifRegisterRpc 
I_sceSifRpcLoop
sifcmd_IMPORTS_end

sifman_IMPORTS_start
I_sceSifDmaStat
I_sceSifSetDma
sifman_IMPORTS_end

stdio_IMPORTS_start
I_printf
stdio_IMPORTS_end

sysclib_IMPORTS_start
I_strcat
I_strcpy
I_strlen
I_strncmp
I_strncpy
I_strrchr
I_strtok
I_memset
I_memcpy
I_tolower
sysclib_IMPORTS_end

sysmem_IMPORTS_start
I_AllocSysMemory
sysmem_IMPORTS_end

thbase_IMPORTS_start
I_GetThreadId
I_CreateThread
I_SleepThread
I_StartThread
thbase_IMPORTS_end
